<?xml version="1.0" encoding="UTF-8"?>
<!-- Generated by org.testng.reporters.JUnitReportReporter -->
<testsuite hostname="IN-85ZN1X2" name="selenium_course.First_Day" tests="1" failures="0" timestamp="5 Jan 2023 13:59:57 GMT" time="0.015" errors="0">
  <testcase name="testMethod" time="0.015" classname="selenium_course.First_Day"/>
</testsuite> <!-- selenium_course.First_Day -->
