<?xml version="1.0" encoding="UTF-8"?>
<!-- Generated by org.testng.reporters.JUnitReportReporter -->
<testsuite hostname="HVNYRR3" failures="0" tests="3" name="testng_course.GenerateExtentFiveForAllTests" time="14.286" errors="0" timestamp="2023-01-27T22:24:53 IST" skipped="0">
  <testcase classname="testng_course.GenerateExtentFiveForAllTests" name="attachScreenShot" time="5.967"/>
  <system-out/>
  <testcase classname="testng_course.GenerateExtentFiveForAllTests" name="attachScreenShot64" time="4.128"/>
  <system-out/>
  <testcase classname="testng_course.GenerateExtentFiveForAllTests" name="attachScreenShotBase64" time="4.191"/>
  <system-out/>
</testsuite> <!-- testng_course.GenerateExtentFiveForAllTests -->
