<?xml version="1.0" encoding="UTF-8"?>
<!-- Generated by org.testng.reporters.JUnitReportReporter -->
<testsuite hostname="HVNYRR3" failures="0" tests="2" name="testng_course.HeadlessTesting" time="19.940" errors="0" timestamp="2023-01-30T22:22:44 IST" skipped="0">
  <testcase classname="testng_course.HeadlessTesting" name="initializeWithHTML" time="7.119"/>
  <system-out/>
  <testcase classname="testng_course.HeadlessTesting" name="initializeDriver" time="12.821"/>
  <system-out/>
</testsuite> <!-- testng_course.HeadlessTesting -->
