<?xml version="1.0" encoding="UTF-8"?>
<!-- Generated by org.testng.reporters.JUnitReportReporter -->
<testsuite hostname="IN-85ZN1X2" name="testng_course.ChromeOpt" tests="2" failures="0" timestamp="11 Jan 2023 12:52:01 GMT" time="34.997" errors="0">
  <testcase name="setUp" time="18.312" classname="testng_course.ChromeOpt"/>
  <testcase name="setUp" time="16.685" classname="testng_course.ChromeOpt"/>
</testsuite> <!-- testng_course.ChromeOpt -->
