<?xml version="1.0" encoding="UTF-8"?>
<!-- Generated by org.testng.reporters.JUnitReportReporter -->
<testsuite hostname="HVNYRR3" failures="0" tests="3" name="testng_course.First_Day_testng" time="0.010" errors="0" timestamp="2023-01-27T16:30:38 IST" skipped="0">
  <testcase classname="testng_course.First_Day_testng" name="verifyTitle" time="0.005"/>
  <system-out/>
  <testcase classname="testng_course.First_Day_testng" name="testMethod" time="0.003"/>
  <system-out/>
  <testcase classname="testng_course.First_Day_testng" name="verifyTitle_test" time="0.002"/>
  <system-out/>
</testsuite> <!-- testng_course.First_Day_testng -->
