<?xml version="1.0" encoding="UTF-8"?>
<!-- Generated by org.testng.reporters.JUnitReportReporter -->
<testsuite hostname="HVNYRR3" failures="0" tests="7" name="testng_course.ActionsClass_LearnScreenShot" time="76.499" errors="0" timestamp="2023-01-27T16:30:38 IST" skipped="0">
  <testcase classname="testng_course.ActionsClass_LearnScreenShot" name="performRightClickOnGoogle" time="20.415"/>
  <system-out/>
  <testcase classname="testng_course.ActionsClass_LearnScreenShot" name="automateGoogleSearch" time="8.101"/>
  <system-out/>
  <testcase classname="testng_course.ActionsClass_LearnScreenShot" name="testDataProviderOf2dArray" time="12.977"/>
  <system-out/>
  <testcase classname="testng_course.ActionsClass_LearnScreenShot" name="testDataProviderOf2dArray" time="8.961"/>
  <system-out/>
  <testcase classname="testng_course.ActionsClass_LearnScreenShot" name="testDataProviderOf2dArray" time="10.636"/>
  <system-out/>
  <testcase classname="testng_course.ActionsClass_LearnScreenShot" name="testDataProviderOf2dArray" time="9.579"/>
  <system-out/>
  <testcase classname="testng_course.ActionsClass_LearnScreenShot" name="dragAndDrop" time="5.830"/>
  <system-out/>
</testsuite> <!-- testng_course.ActionsClass_LearnScreenShot -->
