<?xml version="1.0" encoding="UTF-8"?>
<!-- Generated by org.testng.reporters.JUnitReportReporter -->
<testsuite hostname="HVNYRR3" failures="0" tests="2" name="testng_course.GenerateExtentReportsFive" time="6.089" errors="0" timestamp="2023-01-27T22:18:20 IST" skipped="1">
  <testcase classname="testng_course.GenerateExtentReportsFive" name="setUp" time="6.089"/>
  <system-out/>
  <testcase classname="testng_course.GenerateExtentReportsFive" name="extentTest">
    <skipped/>
  </testcase> <!-- extentTest -->
  <system-out/>
</testsuite> <!-- testng_course.GenerateExtentReportsFive -->
