<?xml version="1.0" encoding="UTF-8"?>
<!-- Generated by org.testng.reporters.JUnitReportReporter -->
<testsuite hostname="IN-85ZN1X2" name="selenium_course.First_Day_testng" tests="2" failures="0" timestamp="5 Jan 2023 14:08:11 GMT" time="0.020" errors="0">
  <testcase name="testMethod" time="0.018" classname="selenium_course.First_Day_testng"/>
  <testcase name="verifyTitle" time="0.002" classname="selenium_course.First_Day_testng"/>
</testsuite> <!-- selenium_course.First_Day_testng -->
