<?xml version="1.0" encoding="UTF-8"?>
<!-- Generated by org.testng.reporters.JUnitReportReporter -->
<testsuite hostname="HVNYRR3" failures="0" tests="1" name="testng_course.HandleWebTable" time="11.632" errors="0" timestamp="2023-01-27T16:30:38 IST" skipped="0">
  <testcase classname="testng_course.HandleWebTable" name="handleWebTable" time="11.632"/>
  <system-out/>
</testsuite> <!-- testng_course.HandleWebTable -->
