<?xml version="1.0" encoding="UTF-8"?>
<!-- Generated by org.testng.reporters.JUnitReportReporter -->
<testsuite hostname="HVNYRR3" failures="0" tests="2" name="testng_course.OptionsClass" time="21.745" errors="0" timestamp="2023-01-27T16:30:38 IST" skipped="0">
  <testcase classname="testng_course.OptionsClass" name="fillRegistrationPage" time="14.058"/>
  <system-out/>
  <testcase classname="testng_course.OptionsClass" name="fillRegistrationPage" time="7.687"/>
  <system-out/>
</testsuite> <!-- testng_course.OptionsClass -->
